{"/home/martin/rubystack-2.5.6-1/apache2/htdocs/trivia/server/src/utils/utils.ts": {"path":"/home/martin/rubystack-2.5.6-1/apache2/htdocs/trivia/server/src/utils/utils.ts","statementMap":{"0":{"start":{"line":2,"column":19},"end":{"line":2,"column":42}},"1":{"start":{"line":9,"column":24},"end":{"line":9,"column":96}},"2":{"start":{"line":9,"column":47},"end":{"line":9,"column":96}},"3":{"start":{"line":11,"column":27},"end":{"line":18,"column":1}},"4":{"start":{"line":12,"column":2},"end":{"line":14,"column":null}},"5":{"start":{"line":13,"column":4},"end":{"line":13,"column":14}},"6":{"start":{"line":15,"column":2},"end":{"line":15,"column":31}},"7":{"start":{"line":16,"column":2},"end":{"line":16,"column":12}},"8":{"start":{"line":20,"column":0},"end":{"line":20,"column":57}}},"fnMap":{"0":{"name":"(anonymous_0)","decl":{"start":{"line":9,"column":24},"end":{"line":9,"column":25}},"loc":{"start":{"line":9,"column":47},"end":{"line":9,"column":96}}},"1":{"name":"(anonymous_1)","decl":{"start":{"line":11,"column":27},"end":{"line":11,"column":28}},"loc":{"start":{"line":11,"column":64},"end":{"line":18,"column":1}}}},"branchMap":{"0":{"loc":{"start":{"line":9,"column":31},"end":{"line":9,"column":32}},"type":"default-arg","locations":[{"start":{"line":9,"column":31},"end":{"line":9,"column":32}}]},"1":{"loc":{"start":{"line":9,"column":40},"end":{"line":9,"column":42}},"type":"default-arg","locations":[{"start":{"line":9,"column":40},"end":{"line":9,"column":42}}]},"2":{"loc":{"start":{"line":12,"column":2},"end":{"line":14,"column":null}},"type":"if","locations":[{"start":{"line":12,"column":2},"end":{"line":14,"column":null}},{"start":{"line":12,"column":2},"end":{"line":14,"column":null}}]}},"s":{"0":1,"1":1,"2":20,"3":1,"4":2,"5":1,"6":1,"7":1,"8":1},"f":{"0":20,"1":2},"b":{"0":[0],"1":[0],"2":[1,1]}}
}
